<?xml version="1.0" encoding="UTF-8"?>
<!-- Generated by org.testng.reporters.JUnitXMLReporter -->
<testsuite hostname="User-PC" ignored="0" name="Command line test" tests="3" failures="0" timestamp="03 May 2019 18:07:28 GMT" time="68.761" errors="0">
  <testcase name="verifyContactsPageLabel" time="0.1" classname="com.crm.qa.testcases.ContactsPageTest"/>
  <testcase name="verifyHomePageTitleTest" time="0.035" classname="com.crm.qa.testcases.HomePageTest"/>
  <testcase name="loginPageTitleTest" time="0.014" classname="com.crm.qa.testcases.LoginPageTest"/>
</testsuite> <!-- Command line test -->
